<?xml version="1.0" encoding="UTF-8"?>
<!-- Generated by org.testng.reporters.JUnitXMLReporter -->
<testsuite ignored="0" hostname="DESKTOP-78UJ87F" failures="0" tests="4" name="Test" time="0.123" errors="0" timestamp="2023-04-08T14:23:47 IST">
  <testcase classname="scripts.Tc1" name="Demo" time="0.017"/>
  <testcase classname="scripts.Tc2" name="Demo" time="0.004"/>
  <testcase classname="scripts.Tc3" name="Demo" time="0.008"/>
  <testcase classname="scripts.Tc4" name="Demo" time="0.004"/>
</testsuite> <!-- Test -->
