<?xml version="1.0" encoding="UTF-8"?>
<testng-results ignored="0" total="4" passed="4" failed="0" skipped="0">
  <reporter-output>
    <line>
      <![CDATA[Hello Java]]>
    </line>
    <line>
      <![CDATA[Hello Selenium]]>
    </line>
    <line>
      <![CDATA[Hello Python]]>
    </line>
    <line>
      <![CDATA[Hello PythonSelenium]]>
    </line>
  </reporter-output>
  <suite started-at="2023-04-08T14:23:47 IST" name="Suite" finished-at="2023-04-08T14:23:47 IST" duration-ms="123">
    <groups>
    </groups>
    <test started-at="2023-04-08T14:23:47 IST" name="Test" finished-at="2023-04-08T14:23:47 IST" duration-ms="123">
      <class name="scripts.Tc3">
        <test-method signature="Demo()[pri:0, instance:scripts.Tc3@57c758ac]" started-at="2023-04-08T14:23:47 IST" name="Demo" finished-at="2023-04-08T14:23:47 IST" duration-ms="8" status="PASS">
          <reporter-output>
            <line>
              <![CDATA[Hello Python]]>
            </line>
          </reporter-output>
        </test-method> <!-- Demo -->
      </class> <!-- scripts.Tc3 -->
      <class name="scripts.Tc4">
        <test-method signature="Demo()[pri:0, instance:scripts.Tc4@a9cd3b1]" started-at="2023-04-08T14:23:47 IST" name="Demo" finished-at="2023-04-08T14:23:47 IST" duration-ms="4" status="PASS">
          <reporter-output>
            <line>
              <![CDATA[Hello PythonSelenium]]>
            </line>
          </reporter-output>
        </test-method> <!-- Demo -->
      </class> <!-- scripts.Tc4 -->
      <class name="scripts.Tc1">
        <test-method signature="Demo()[pri:0, instance:scripts.Tc1@29626d54]" started-at="2023-04-08T14:23:47 IST" name="Demo" finished-at="2023-04-08T14:23:47 IST" duration-ms="17" status="PASS">
          <reporter-output>
            <line>
              <![CDATA[Hello Java]]>
            </line>
          </reporter-output>
        </test-method> <!-- Demo -->
      </class> <!-- scripts.Tc1 -->
      <class name="scripts.Tc2">
        <test-method signature="Demo()[pri:0, instance:scripts.Tc2@67a20f67]" started-at="2023-04-08T14:23:47 IST" name="Demo" finished-at="2023-04-08T14:23:47 IST" duration-ms="4" status="PASS">
          <reporter-output>
            <line>
              <![CDATA[Hello Selenium]]>
            </line>
          </reporter-output>
        </test-method> <!-- Demo -->
      </class> <!-- scripts.Tc2 -->
    </test> <!-- Test -->
  </suite> <!-- Suite -->
</testng-results>
